<?xml version="1.0" encoding="UTF-8"?>
<testng-results ignored="0" total="1" passed="1" failed="0" skipped="0">
  <reporter-output>
  </reporter-output>
  <suite started-at="2024-10-19T14:40:24 IST" name="Default suite" finished-at="2024-10-19T14:40:26 IST" duration-ms="2300">
    <groups>
    </groups>
    <test started-at="2024-10-19T14:40:24 IST" name="Default test" finished-at="2024-10-19T14:40:26 IST" duration-ms="2300">
      <class name="com.qa.demo.RestAsurd.PutRequestDemo">
        <test-method signature="testGetMethod()[pri:0, instance:com.qa.demo.RestAsurd.PutRequestDemo@77fbd92c]" started-at="2024-10-19T14:40:24 IST" name="testGetMethod" finished-at="2024-10-19T14:40:26 IST" duration-ms="2256" status="PASS">
          <reporter-output>
          </reporter-output>
        </test-method> <!-- testGetMethod -->
      </class> <!-- com.qa.demo.RestAsurd.PutRequestDemo -->
    </test> <!-- Default test -->
  </suite> <!-- Default suite -->
</testng-results>
